<?xml version="1.0" encoding="UTF-8"?>
<testsuite xmlns:xsi="http://www.w3.org/2001/XMLSchema-instance" xsi:noNamespaceSchemaLocation="https://maven.apache.org/surefire/maven-surefire-plugin/xsd/surefire-test-report-3.0.xsd" version="3.0" name="com.swalih.springBootBlog.SpringBootBlogApplicationTests" time="6.249" tests="1" errors="0" skipped="0" failures="0">
  <properties>
[...]
</properties>
  <testcase name="contextLoads" classname="com.swalih.springBootBlog.SpringBootBlogApplicationTests" time="1.66">
    <system-out><![CDATA[16:07:23.122 [main] INFO org.springframework.test.context.support.AnnotationConfigContextLoaderUtils -- Could not detect default configuration classes for test class [com.swalih.springBootBlog.SpringBootBlogApplicationTests]: SpringBootBlogApplicationTests does not declare any static, non-private, non-final, nested classes annotated with @Configuration.
16:07:23.313 [main] INFO org.springframework.boot.test.context.SpringBootTestContextBootstrapper -- Found @SpringBootConfiguration com.swalih.springBootBlog.SpringBootBlogApplication for test class com.swalih.springBootBlog.SpringBootBlogApplicationTests

  .   ____          _            __ _ _
 /\\ / ___'_ __ _ _(_)_ __  __ _ \ \ \ \
( ( )\___ | '_ | '_| | '_ \/ _` | \ \ \ \
 \\/  ___)| |_)| | | | | || (_| |  ) ) ) )
  '  |____| .__|_| |_|_| |_\__, | / / / /
 =========|_|==============|___/=/_/_/_/

 :: Spring Boot ::                (v3.3.2)

2024-08-11T16:07:23.992+05:30  INFO 34653 --- [springBootBlog] [           main] c.s.s.SpringBootBlogApplicationTests     : Starting SpringBootBlogApplicationTests using Java 17.0.12 with PID 34653 (started by swalihmohammed in /Users/swalihmohammed/Downloads/springBootBlog)
2024-08-11T16:07:23.994+05:30  INFO 34653 --- [springBootBlog] [           main] c.s.s.SpringBootBlogApplicationTests     : The following 1 profile is active: "dev"
2024-08-11T16:07:25.052+05:30  INFO 34653 --- [springBootBlog] [           main] .s.d.r.c.RepositoryConfigurationDelegate : Bootstrapping Spring Data MongoDB repositories in DEFAULT mode.
2024-08-11T16:07:25.128+05:30  INFO 34653 --- [springBootBlog] [           main] .s.d.r.c.RepositoryConfigurationDelegate : Finished Spring Data repository scanning in 69 ms. Found 1 MongoDB repository interface.
2024-08-11T16:07:25.738+05:30  INFO 34653 --- [springBootBlog] [yy1.mongodb.net] org.mongodb.driver.cluster               : Adding discovered server ac-jsjgyma-shard-00-02.imukyy1.mongodb.net:27017 to client view of cluster
2024-08-11T16:07:25.774+05:30  INFO 34653 --- [springBootBlog] [           main] org.mongodb.driver.client                : MongoClient with metadata {"application": {"name": "Cluster0"}, "driver": {"name": "mongo-java-driver|sync|spring-boot", "version": "5.0.1"}, "os": {"type": "Darwin", "name": "Mac OS X", "architecture": "x86_64", "version": "12.5"}, "platform": "Java/Oracle Corporation/17.0.12+8-LTS-286"} created with settings MongoClientSettings{readPreference=primary, writeConcern=WriteConcern{w=majority, wTimeout=null ms, journal=null}, retryWrites=true, retryReads=true, readConcern=ReadConcern{level=null}, credential=MongoCredential{mechanism=null, userName='sibiyan9030', source='admin', password=<hidden>, mechanismProperties=<hidden>}, transportSettings=null, commandListeners=[], codecRegistry=ProvidersCodecRegistry{codecProviders=[ValueCodecProvider{}, BsonValueCodecProvider{}, DBRefCodecProvider{}, DBObjectCodecProvider{}, DocumentCodecProvider{}, CollectionCodecProvider{}, IterableCodecProvider{}, MapCodecProvider{}, GeoJsonCodecProvider{}, GridFSFileCodecProvider{}, Jsr310CodecProvider{}, JsonObjectCodecProvider{}, BsonCodecProvider{}, EnumCodecProvider{}, com.mongodb.client.model.mql.ExpressionCodecProvider@58c1da09, com.mongodb.Jep395RecordCodecProvider@2b2954e1, com.mongodb.KotlinCodecProvider@58d6e55a]}, loggerSettings=LoggerSettings{maxDocumentLength=1000}, clusterSettings={hosts=[127.0.0.1:27017], srvHost=cluster0.imukyy1.mongodb.net, srvServiceName=mongodb, mode=MULTIPLE, requiredClusterType=REPLICA_SET, requiredReplicaSetName='atlas-13iupw-shard-0', serverSelector='null', clusterListeners='[]', serverSelectionTimeout='30000 ms', localThreshold='15 ms'}, socketSettings=SocketSettings{connectTimeoutMS=10000, readTimeoutMS=0, receiveBufferSize=0, proxySettings=ProxySettings{host=null, port=null, username=null, password=null}}, heartbeatSocketSettings=SocketSettings{connectTimeoutMS=10000, readTimeoutMS=10000, receiveBufferSize=0, proxySettings=ProxySettings{host=null, port=null, username=null, password=null}}, connectionPoolSettings=ConnectionPoolSettings{maxSize=100, minSize=0, maxWaitTimeMS=120000, maxConnectionLifeTimeMS=0, maxConnectionIdleTimeMS=0, maintenanceInitialDelayMS=0, maintenanceFrequencyMS=60000, connectionPoolListeners=[], maxConnecting=2}, serverSettings=ServerSettings{heartbeatFrequencyMS=10000, minHeartbeatFrequencyMS=500, serverListeners='[]', serverMonitorListeners='[]'}, sslSettings=SslSettings{enabled=true, invalidHostNameAllowed=false, context=null}, applicationName='Cluster0', compressorList=[], uuidRepresentation=JAVA_LEGACY, serverApi=null, autoEncryptionSettings=null, dnsClient=null, inetAddressResolver=null, contextProvider=null}
2024-08-11T16:07:25.782+05:30  INFO 34653 --- [springBootBlog] [yy1.mongodb.net] org.mongodb.driver.cluster               : Adding discovered server ac-jsjgyma-shard-00-01.imukyy1.mongodb.net:27017 to client view of cluster
2024-08-11T16:07:25.797+05:30  INFO 34653 --- [springBootBlog] [yy1.mongodb.net] org.mongodb.driver.cluster               : Adding discovered server ac-jsjgyma-shard-00-00.imukyy1.mongodb.net:27017 to client view of cluster
2024-08-11T16:07:26.682+05:30  INFO 34653 --- [springBootBlog] [ngodb.net:27017] org.mongodb.driver.cluster               : Monitor thread successfully connected to server with description ServerDescription{address=ac-jsjgyma-shard-00-02.imukyy1.mongodb.net:27017, type=REPLICA_SET_SECONDARY, state=CONNECTED, ok=true, minWireVersion=0, maxWireVersion=21, maxDocumentSize=16777216, logicalSessionTimeoutMinutes=30, roundTripTimeNanos=451386905, setName='atlas-13iupw-shard-0', canonicalAddress=ac-jsjgyma-shard-00-02.imukyy1.mongodb.net:27017, hosts=[ac-jsjgyma-shard-00-00.imukyy1.mongodb.net:27017, ac-jsjgyma-shard-00-01.imukyy1.mongodb.net:27017, ac-jsjgyma-shard-00-02.imukyy1.mongodb.net:27017], passives=[], arbiters=[], primary='ac-jsjgyma-shard-00-01.imukyy1.mongodb.net:27017', tagSet=TagSet{[Tag{name='availabilityZone', value='aps1-az2'}, Tag{name='diskState', value='READY'}, Tag{name='nodeType', value='ELECTABLE'}, Tag{name='provider', value='AWS'}, Tag{name='region', value='AP_SOUTH_1'}, Tag{name='workloadType', value='OPERATIONAL'}]}, electionId=null, setVersion=120, topologyVersion=TopologyVersion{processId=66b792832370e23404cee170, counter=3}, lastWriteDate=Sun Aug 11 16:07:26 IST 2024, lastUpdateTimeNanos=150748813810811}
2024-08-11T16:07:26.683+05:30  INFO 34653 --- [springBootBlog] [ngodb.net:27017] org.mongodb.driver.cluster               : Monitor thread successfully connected to server with description ServerDescription{address=ac-jsjgyma-shard-00-00.imukyy1.mongodb.net:27017, type=REPLICA_SET_SECONDARY, state=CONNECTED, ok=true, minWireVersion=0, maxWireVersion=21, maxDocumentSize=16777216, logicalSessionTimeoutMinutes=30, roundTripTimeNanos=447509244, setName='atlas-13iupw-shard-0', canonicalAddress=ac-jsjgyma-shard-00-00.imukyy1.mongodb.net:27017, hosts=[ac-jsjgyma-shard-00-00.imukyy1.mongodb.net:27017, ac-jsjgyma-shard-00-01.imukyy1.mongodb.net:27017, ac-jsjgyma-shard-00-02.imukyy1.mongodb.net:27017], passives=[], arbiters=[], primary='ac-jsjgyma-shard-00-01.imukyy1.mongodb.net:27017', tagSet=TagSet{[Tag{name='availabilityZone', value='aps1-az1'}, Tag{name='diskState', value='READY'}, Tag{name='nodeType', value='ELECTABLE'}, Tag{name='provider', value='AWS'}, Tag{name='region', value='AP_SOUTH_1'}, Tag{name='workloadType', value='OPERATIONAL'}]}, electionId=null, setVersion=120, topologyVersion=TopologyVersion{processId=66b78f90e8b18cee27f4a805, counter=4}, lastWriteDate=Sun Aug 11 16:07:26 IST 2024, lastUpdateTimeNanos=150748813756091}
2024-08-11T16:07:26.684+05:30  INFO 34653 --- [springBootBlog] [ngodb.net:27017] org.mongodb.driver.cluster               : Monitor thread successfully connected to server with description ServerDescription{address=ac-jsjgyma-shard-00-01.imukyy1.mongodb.net:27017, type=REPLICA_SET_PRIMARY, state=CONNECTED, ok=true, minWireVersion=0, maxWireVersion=21, maxDocumentSize=16777216, logicalSessionTimeoutMinutes=30, roundTripTimeNanos=444898924, setName='atlas-13iupw-shard-0', canonicalAddress=ac-jsjgyma-shard-00-01.imukyy1.mongodb.net:27017, hosts=[ac-jsjgyma-shard-00-00.imukyy1.mongodb.net:27017, ac-jsjgyma-shard-00-01.imukyy1.mongodb.net:27017, ac-jsjgyma-shard-00-02.imukyy1.mongodb.net:27017], passives=[], arbiters=[], primary='ac-jsjgyma-shard-00-01.imukyy1.mongodb.net:27017', tagSet=TagSet{[Tag{name='availabilityZone', value='aps1-az3'}, Tag{name='diskState', value='READY'}, Tag{name='nodeType', value='ELECTABLE'}, Tag{name='provider', value='AWS'}, Tag{name='region', value='AP_SOUTH_1'}, Tag{name='workloadType', value='OPERATIONAL'}]}, electionId=7fffffff000000000000029c, setVersion=120, topologyVersion=TopologyVersion{processId=66b790e91422b968451bdd23, counter=6}, lastWriteDate=Sun Aug 11 16:07:26 IST 2024, lastUpdateTimeNanos=150748814174129}
2024-08-11T16:07:26.694+05:30  INFO 34653 --- [springBootBlog] [ngodb.net:27017] org.mongodb.driver.cluster               : Discovered replica set primary ac-jsjgyma-shard-00-01.imukyy1.mongodb.net:27017 with max election id 7fffffff000000000000029c and max set version 120
2024-08-11T16:07:27.331+05:30  INFO 34653 --- [springBootBlog] [           main] c.s.s.SpringBootBlogApplicationTests     : Started SpringBootBlogApplicationTests in 3.746 seconds (process running for 5.597)
]]></system-out>
  </testcase>
</testsuite>